<?xml version="1.0" encoding="UTF-8"?>
<testng-results ignored="0" total="1" passed="1" failed="0" skipped="0">
  <reporter-output>
  </reporter-output>
  <suite started-at="2025-01-04T21:47:47 EST" name="Suite" finished-at="2025-01-04T21:47:48 EST" duration-ms="74">
    <groups>
    </groups>
    <test started-at="2025-01-04T21:47:47 EST" name="Test" finished-at="2025-01-04T21:47:48 EST" duration-ms="74">
      <class name="Secondtry.Secondtry.secondy">
        <test-method signature="method()[pri:0, instance:Secondtry.Secondtry.secondy@294425a7]" started-at="2025-01-04T21:47:47 EST" name="method" finished-at="2025-01-04T21:47:48 EST" duration-ms="13" status="PASS">
          <reporter-output>
          </reporter-output>
        </test-method> <!-- method -->
      </class> <!-- Secondtry.Secondtry.secondy -->
    </test> <!-- Test -->
  </suite> <!-- Suite -->
</testng-results>
